<?xml version="1.0" encoding="UTF-8"?>
<!-- Generated by org.testng.reporters.JUnitReportReporter -->
<testsuite hostname="Rodrigos-MacBook-Air.local" failures="0" tests="1" name="com.selenium.CountofFrames" time="6.544" errors="0" timestamp="2019-10-09T10:50:24 EDT" skipped="0">
  <testcase classname="com.selenium.CountofFrames" name="enterText" time="6.544"/>
</testsuite> <!-- com.selenium.CountofFrames -->
