<?xml version="1.0" encoding="UTF-8"?>
<!-- Generated by org.testng.reporters.JUnitReportReporter -->
<testsuite hostname="Rodrigos-MacBook-Air.local" failures="0" tests="1" name="com.selenium.Example" time="5.667" errors="0" timestamp="2019-09-26T13:30:20 EDT" skipped="0">
  <testcase classname="com.selenium.Example" name="enterData" time="5.667"/>
</testsuite> <!-- com.selenium.Example -->
