<?xml version="1.0" encoding="UTF-8"?>
<!-- Generated by org.testng.reporters.JUnitReportReporter -->
<testsuite hostname="Rodrigos-MacBook-Air.local" failures="0" tests="1" name="com.selenium.ExampleCalendar" time="10.814" errors="0" timestamp="2019-10-07T11:32:55 EDT" skipped="0">
  <testcase classname="com.selenium.ExampleCalendar" name="enterText" time="10.814"/>
</testsuite> <!-- com.selenium.ExampleCalendar -->
