<?xml version="1.0" encoding="UTF-8"?>
<!-- Generated by org.testng.reporters.JUnitReportReporter -->
<testsuite hostname="Rodrigos-MacBook-Air.local" failures="0" tests="1" name="com.selenium.ExampleMouseOver" time="5.946" errors="0" timestamp="2019-10-01T14:27:22 EDT" skipped="0">
  <testcase classname="com.selenium.ExampleMouseOver" name="enterText" time="5.946"/>
</testsuite> <!-- com.selenium.ExampleMouseOver -->
