<?xml version="1.0" encoding="UTF-8"?>
<!-- Generated by org.testng.reporters.JUnitReportReporter -->
<testsuite hostname="Rodrigos-MacBook-Air.local" failures="0" tests="1" name="com.selenium.ExampleDatesOCS" time="33.451" errors="0" timestamp="2019-10-09T16:24:20 EDT" skipped="0">
  <testcase classname="com.selenium.ExampleDatesOCS" name="enterText" time="33.451"/>
</testsuite> <!-- com.selenium.ExampleDatesOCS -->
