<?xml version="1.0" encoding="UTF-8"?>
<!-- Generated by org.testng.reporters.JUnitReportReporter -->
<testsuite hostname="Rodrigos-MacBook-Air.local" failures="0" tests="1" name="com.selenium.Example2" time="7.386" errors="0" timestamp="2019-10-01T14:05:46 EDT" skipped="0">
  <testcase classname="com.selenium.Example2" name="enterText" time="7.386"/>
</testsuite> <!-- com.selenium.Example2 -->
