<?xml version="1.0" encoding="UTF-8"?>
<!-- Generated by org.testng.reporters.JUnitReportReporter -->
<testsuite hostname="Rodrigos-MacBook-Air.local" failures="0" tests="1" name="com.selenium.ExampleWindowHandler" time="7.854" errors="0" timestamp="2019-10-01T14:48:12 EDT" skipped="0">
  <testcase classname="com.selenium.ExampleWindowHandler" name="enterText" time="7.854"/>
</testsuite> <!-- com.selenium.ExampleWindowHandler -->
